<?xml version="1.0" encoding="UTF-8"?>
<!-- Generated by org.testng.reporters.JUnitReportReporter -->
<testsuite hostname="H829620-W101" failures="0" tests="2" name="com.api.test.CountAPITest" time="7.905" errors="0" timestamp="2026-03-25T20:50:25 IST" skipped="0">
  <testcase classname="com.api.test.CountAPITest" name="countAPITest_MissingAuthToken" time="3.372"/>
  <testcase classname="com.api.test.CountAPITest" name="verifyCountAPIResponse" time="4.533"/>
</testsuite> <!-- com.api.test.CountAPITest -->
