<?xml version="1.0" encoding="UTF-8"?>
<!-- Generated by org.testng.reporters.JUnitReportReporter -->
<testsuite hostname="H829620-W101" failures="0" tests="2" name="com.api.test.MasterAPITest" time="8.913" errors="0" timestamp="2026-03-30T15:38:01 IST" skipped="0">
  <testcase classname="com.api.test.MasterAPITest" name="masterAPITest" time="5.379"/>
  <testcase classname="com.api.test.MasterAPITest" name="invalidTokenMasterAPITest" time="3.534"/>
</testsuite> <!-- com.api.test.MasterAPITest -->
